android/app/build/intermediates/manifest_merge_blame_file/debug/manifest-merger-blame-debug-report.txt
1<?xml version="1.0" encoding="utf-8"?>
2<manifest xmlns:android="http://schemas.android.com/apk/res/android"
3    package="com.ics"
4    android:versionCode="1"
5    android:versionName="1.0" >
6
7    <uses-sdk
8        android:minSdkVersion="16"
9        android:targetSdkVersion="30" />
10
11    <uses-permission android:name="android.permission.SYSTEM_ALERT_WINDOW" />
11-->src/debug/AndroidManifest.xml:5:5-77
11-->src/debug/AndroidManifest.xml:5:22-75
12    <uses-permission android:name="android.permission.CAMERA" />
12-->src/main/AndroidManifest.xml:3:5-65
12-->src/main/AndroidManifest.xml:3:22-62
13    <uses-permission android:name="android.permission.INTERNET" />
13-->src/main/AndroidManifest.xml:4:5-67
13-->src/main/AndroidManifest.xml:4:22-64
14    <uses-permission android:name="android.permission.RECEIVE_BOOT_COMPLETED" />
14-->src/main/AndroidManifest.xml:5:5-81
14-->src/main/AndroidManifest.xml:5:22-78
15    <uses-permission android:name="android.permission.VIBRATE" />
15-->src/main/AndroidManifest.xml:6:5-66
15-->src/main/AndroidManifest.xml:6:22-63
16    <uses-permission android:name="android.permission.READ_EXTERNAL_STORAGE" />
16-->src/main/AndroidManifest.xml:7:5-80
16-->src/main/AndroidManifest.xml:7:22-77
17    <uses-permission android:name="android.permission.WRITE_EXTERNAL_STORAGE" />
17-->src/main/AndroidManifest.xml:8:5-81
17-->src/main/AndroidManifest.xml:8:22-78
18    <uses-permission android:name="android.permission.USE_FINGERPRINT" /> <!-- * getCurrentPosition() -->
18-->src/main/AndroidManifest.xml:9:5-74
18-->src/main/AndroidManifest.xml:9:22-71
19    <uses-permission android:name="android.permission.ACCESS_FINE_LOCATION" />
19-->src/main/AndroidManifest.xml:11:5-79
19-->src/main/AndroidManifest.xml:11:22-76
20    <uses-permission android:name="android.permission.WAKE_LOCk" />
20-->src/main/AndroidManifest.xml:12:5-68
20-->src/main/AndroidManifest.xml:12:22-65
21    <uses-permission android:name="android.permission.ACCESS_NETWORK_STATE" />
21-->[:react-native-community_netinfo] AndroidManifest.xml:9:5-79
21-->[:react-native-community_netinfo] AndroidManifest.xml:9:22-76
22    <uses-permission android:name="android.permission.ACCESS_WIFI_STATE" />
22-->[:react-native-community_netinfo] AndroidManifest.xml:10:5-76
22-->[:react-native-community_netinfo] AndroidManifest.xml:10:22-73
23    <uses-permission android:name="android.permission.WAKE_LOCK" /> <!-- Required by older versions of Google Play services to create IID tokens -->
23-->[com.google.firebase:firebase-messaging:21.1.0] AndroidManifest.xml:23:5-68
23-->[com.google.firebase:firebase-messaging:21.1.0] AndroidManifest.xml:23:22-65
24    <uses-permission android:name="com.google.android.c2dm.permission.RECEIVE" />
24-->[com.google.firebase:firebase-messaging:21.1.0] AndroidManifest.xml:25:5-82
24-->[com.google.firebase:firebase-messaging:21.1.0] AndroidManifest.xml:25:22-79
25    <uses-permission android:name="com.google.android.finsky.permission.BIND_GET_INSTALL_REFERRER_SERVICE" /> <!-- for android -->
25-->[com.google.android.gms:play-services-measurement:17.5.0] AndroidManifest.xml:26:5-110
25-->[com.google.android.gms:play-services-measurement:17.5.0] AndroidManifest.xml:26:22-107
26    <!-- <uses-permission android:name="com.android.launcher.permission.READ_SETTINGS"/> -->
27    <!-- <uses-permission android:name="com.android.launcher.permission.WRITE_SETTINGS"/> -->
28    <!-- <uses-permission android:name="com.android.launcher.permission.INSTALL_SHORTCUT" /> -->
29    <!-- <uses-permission android:name="com.android.launcher.permission.UNINSTALL_SHORTCUT" /> -->
30    <!-- for Samsung -->
31    <uses-permission android:name="com.sec.android.provider.badge.permission.READ" />
31-->[me.leolin:ShortcutBadger:1.1.22] AndroidManifest.xml:19:5-86
31-->[me.leolin:ShortcutBadger:1.1.22] AndroidManifest.xml:19:22-83
32    <uses-permission android:name="com.sec.android.provider.badge.permission.WRITE" /> <!-- for htc -->
32-->[me.leolin:ShortcutBadger:1.1.22] AndroidManifest.xml:20:5-87
32-->[me.leolin:ShortcutBadger:1.1.22] AndroidManifest.xml:20:22-84
33    <uses-permission android:name="com.htc.launcher.permission.READ_SETTINGS" />
33-->[me.leolin:ShortcutBadger:1.1.22] AndroidManifest.xml:23:5-81
33-->[me.leolin:ShortcutBadger:1.1.22] AndroidManifest.xml:23:22-78
34    <uses-permission android:name="com.htc.launcher.permission.UPDATE_SHORTCUT" /> <!-- for sony -->
34-->[me.leolin:ShortcutBadger:1.1.22] AndroidManifest.xml:24:5-83
34-->[me.leolin:ShortcutBadger:1.1.22] AndroidManifest.xml:24:22-80
35    <uses-permission android:name="com.sonyericsson.home.permission.BROADCAST_BADGE" />
35-->[me.leolin:ShortcutBadger:1.1.22] AndroidManifest.xml:27:5-88
35-->[me.leolin:ShortcutBadger:1.1.22] AndroidManifest.xml:27:22-85
36    <uses-permission android:name="com.sonymobile.home.permission.PROVIDER_INSERT_BADGE" /> <!-- for apex -->
36-->[me.leolin:ShortcutBadger:1.1.22] AndroidManifest.xml:28:5-92
36-->[me.leolin:ShortcutBadger:1.1.22] AndroidManifest.xml:28:22-89
37    <uses-permission android:name="com.anddoes.launcher.permission.UPDATE_COUNT" /> <!-- for solid -->
37-->[me.leolin:ShortcutBadger:1.1.22] AndroidManifest.xml:31:5-84
37-->[me.leolin:ShortcutBadger:1.1.22] AndroidManifest.xml:31:22-81
38    <uses-permission android:name="com.majeur.launcher.permission.UPDATE_BADGE" /> <!-- for huawei -->
38-->[me.leolin:ShortcutBadger:1.1.22] AndroidManifest.xml:34:5-83
38-->[me.leolin:ShortcutBadger:1.1.22] AndroidManifest.xml:34:22-80
39    <uses-permission android:name="com.huawei.android.launcher.permission.CHANGE_BADGE" />
39-->[me.leolin:ShortcutBadger:1.1.22] AndroidManifest.xml:37:5-91
39-->[me.leolin:ShortcutBadger:1.1.22] AndroidManifest.xml:37:22-88
40    <uses-permission android:name="com.huawei.android.launcher.permission.READ_SETTINGS" />
40-->[me.leolin:ShortcutBadger:1.1.22] AndroidManifest.xml:38:5-92
40-->[me.leolin:ShortcutBadger:1.1.22] AndroidManifest.xml:38:22-89
41    <uses-permission android:name="com.huawei.android.launcher.permission.WRITE_SETTINGS" /> <!-- for ZUK -->
41-->[me.leolin:ShortcutBadger:1.1.22] AndroidManifest.xml:39:5-93
41-->[me.leolin:ShortcutBadger:1.1.22] AndroidManifest.xml:39:22-90
42    <uses-permission android:name="android.permission.READ_APP_BADGE" /> <!-- for OPPO -->
42-->[me.leolin:ShortcutBadger:1.1.22] AndroidManifest.xml:42:5-73
42-->[me.leolin:ShortcutBadger:1.1.22] AndroidManifest.xml:42:22-70
43    <uses-permission android:name="com.oppo.launcher.permission.READ_SETTINGS" />
43-->[me.leolin:ShortcutBadger:1.1.22] AndroidManifest.xml:45:5-82
43-->[me.leolin:ShortcutBadger:1.1.22] AndroidManifest.xml:45:22-79
44    <uses-permission android:name="com.oppo.launcher.permission.WRITE_SETTINGS" /> <!-- for EvMe -->
44-->[me.leolin:ShortcutBadger:1.1.22] AndroidManifest.xml:46:5-83
44-->[me.leolin:ShortcutBadger:1.1.22] AndroidManifest.xml:46:22-80
45    <uses-permission android:name="me.everything.badger.permission.BADGE_COUNT_READ" />
45-->[me.leolin:ShortcutBadger:1.1.22] AndroidManifest.xml:49:5-88
45-->[me.leolin:ShortcutBadger:1.1.22] AndroidManifest.xml:49:22-85
46    <uses-permission android:name="me.everything.badger.permission.BADGE_COUNT_WRITE" />
46-->[me.leolin:ShortcutBadger:1.1.22] AndroidManifest.xml:50:5-89
46-->[me.leolin:ShortcutBadger:1.1.22] AndroidManifest.xml:50:22-86
47
48    <application
48-->src/main/AndroidManifest.xml:14:5-75:19
49        android:name="com.ics.MainApplication"
49-->src/main/AndroidManifest.xml:15:7-38
50        android:allowBackup="false"
50-->src/main/AndroidManifest.xml:20:7-34
51        android:appComponentFactory="androidx.core.app.CoreComponentFactory"
51-->[androidx.core:core:1.3.2] AndroidManifest.xml:24:18-86
52        android:debuggable="true"
53        android:icon="@mipmap/ic_launcher"
53-->src/main/AndroidManifest.xml:18:7-41
54        android:label="@string/app_name"
54-->src/main/AndroidManifest.xml:17:7-39
55        android:roundIcon="@mipmap/ic_launcher_round"
55-->src/main/AndroidManifest.xml:19:7-52
56        android:theme="@style/AppTheme"
56-->src/main/AndroidManifest.xml:21:7-38
57        android:usesCleartextTraffic="true" > <!-- Add this SplashActivity -->
57-->src/main/AndroidManifest.xml:16:7-42
58        <activity
58-->src/main/AndroidManifest.xml:24:9-32:20
59            android:name="com.ics.SplashActivity"
59-->src/main/AndroidManifest.xml:25:11-41
60            android:label="@string/app_name"
60-->src/main/AndroidManifest.xml:27:11-43
61            android:theme="@style/SplashTheme" >
61-->src/main/AndroidManifest.xml:26:11-45
62            <intent-filter>
62-->src/main/AndroidManifest.xml:28:11-31:27
63                <action android:name="android.intent.action.MAIN" />
63-->src/main/AndroidManifest.xml:29:15-67
63-->src/main/AndroidManifest.xml:29:23-64
64
65                <category android:name="android.intent.category.LAUNCHER" />
65-->src/main/AndroidManifest.xml:30:15-75
65-->src/main/AndroidManifest.xml:30:25-72
66            </intent-filter>
67        </activity>
68        <activity
68-->src/main/AndroidManifest.xml:34:7-47:18
69            android:name="com.ics.MainActivity"
69-->src/main/AndroidManifest.xml:35:9-37
70            android:configChanges="keyboard|keyboardHidden|orientation|screenSize"
70-->src/main/AndroidManifest.xml:37:9-79
71            android:exported="true"
71-->src/main/AndroidManifest.xml:39:9-32
72            android:label="@string/app_name"
72-->src/main/AndroidManifest.xml:36:9-41
73            android:windowSoftInputMode="adjustResize" >
73-->src/main/AndroidManifest.xml:38:9-51
74
75            <!--
76        <intent-filter>
77            <action android:name="android.intent.action.MAIN" />
78            <category android:name="android.intent.category.LAUNCHER" />
79        </intent-filter>
80            -->
81
82        </activity>
83
84        <meta-data
84-->src/main/AndroidManifest.xml:49:7-50:43
85            android:name="com.dieam.reactnativepushnotification.notification_foreground"
85-->src/main/AndroidManifest.xml:49:19-95
86            android:value="true" />
86-->src/main/AndroidManifest.xml:50:21-41
87        <meta-data
87-->src/main/AndroidManifest.xml:51:7-130
88            android:name="com.google.firebase.messaging.default_notification_icon"
88-->src/main/AndroidManifest.xml:51:18-88
89            android:resource="@mipmap/ic_launcher" /> <!-- Change the resource name to your App's accent color - or any other color you want -->
89-->src/main/AndroidManifest.xml:51:89-127
90        <meta-data
90-->src/main/AndroidManifest.xml:53:9-54:54
91            android:name="com.dieam.reactnativepushnotification.notification_color"
91-->src/main/AndroidManifest.xml:53:21-92
92            android:resource="@color/white" /> <!-- or @android:color/{name} to use a standard color -->
92-->src/main/AndroidManifest.xml:54:21-52
93        <receiver android:name="com.dieam.reactnativepushnotification.modules.RNPushNotificationActions" />
93-->src/main/AndroidManifest.xml:55:9-108
93-->src/main/AndroidManifest.xml:55:19-105
94        <receiver android:name="com.dieam.reactnativepushnotification.modules.RNPushNotificationPublisher" />
94-->src/main/AndroidManifest.xml:56:9-110
94-->src/main/AndroidManifest.xml:56:19-107
95        <receiver android:name="com.dieam.reactnativepushnotification.modules.RNPushNotificationBootEventReceiver" >
95-->src/main/AndroidManifest.xml:57:9-63:20
95-->src/main/AndroidManifest.xml:57:19-115
96            <intent-filter>
96-->src/main/AndroidManifest.xml:58:13-62:29
97                <action android:name="android.intent.action.BOOT_COMPLETED" />
97-->src/main/AndroidManifest.xml:59:17-79
97-->src/main/AndroidManifest.xml:59:25-76
98                <action android:name="android.intent.action.QUICKBOOT_POWERON" />
98-->src/main/AndroidManifest.xml:60:17-82
98-->src/main/AndroidManifest.xml:60:25-79
99                <action android:name="com.htc.intent.action.QUICKBOOT_POWERON" />
99-->src/main/AndroidManifest.xml:61:17-81
99-->src/main/AndroidManifest.xml:61:25-79
100            </intent-filter>
101        </receiver>
102
103        <service
103-->src/main/AndroidManifest.xml:65:9-71:19
104            android:name="com.dieam.reactnativepushnotification.modules.RNPushNotificationListenerService"
104-->src/main/AndroidManifest.xml:66:13-107
105            android:exported="true" >
105-->src/main/AndroidManifest.xml:67:13-36
106            <intent-filter>
106-->src/main/AndroidManifest.xml:68:13-70:29
107                <action android:name="com.google.firebase.MESSAGING_EVENT" />
107-->src/main/AndroidManifest.xml:69:17-78
107-->src/main/AndroidManifest.xml:69:25-75
108            </intent-filter>
109        </service>
110
111        <activity android:name="com.facebook.react.devsupport.DevSettingsActivity" />
111-->src/main/AndroidManifest.xml:73:7-84
111-->src/main/AndroidManifest.xml:73:17-81
112
113        <provider
113-->[:react-native-image-crop-picker] AndroidManifest.xml:12:9-20:20
114            android:name="androidx.core.content.FileProvider"
114-->[:react-native-image-crop-picker] AndroidManifest.xml:13:13-62
115            android:authorities="com.ics.provider"
115-->[:react-native-image-crop-picker] AndroidManifest.xml:14:13-60
116            android:exported="false"
116-->[:react-native-image-crop-picker] AndroidManifest.xml:15:13-37
117            android:grantUriPermissions="true" >
117-->[:react-native-image-crop-picker] AndroidManifest.xml:16:13-47
118            <meta-data
118-->[:react-native-image-crop-picker] AndroidManifest.xml:17:13-19:58
119                android:name="android.support.FILE_PROVIDER_PATHS"
119-->[:react-native-image-crop-picker] AndroidManifest.xml:18:17-67
120                android:resource="@xml/provider_paths" />
120-->[:react-native-image-crop-picker] AndroidManifest.xml:19:17-55
121        </provider>
122
123        <activity
123-->[:react-native-image-crop-picker] AndroidManifest.xml:22:9-24:72
124            android:name="com.yalantis.ucrop.UCropActivity"
124-->[:react-native-image-crop-picker] AndroidManifest.xml:23:13-60
125            android:theme="@style/Theme.AppCompat.Light.NoActionBar" />
125-->[:react-native-image-crop-picker] AndroidManifest.xml:24:13-69
126        <activity
126-->[com.google.android.gms:play-services-base:16.1.0] AndroidManifest.xml:23:9-26:75
127            android:name="com.google.android.gms.common.api.GoogleApiActivity"
127-->[com.google.android.gms:play-services-base:16.1.0] AndroidManifest.xml:24:13-79
128            android:exported="false"
128-->[com.google.android.gms:play-services-base:16.1.0] AndroidManifest.xml:25:13-37
129            android:theme="@android:style/Theme.Translucent.NoTitleBar" />
129-->[com.google.android.gms:play-services-base:16.1.0] AndroidManifest.xml:26:13-72
130
131        <receiver
131-->[com.google.firebase:firebase-messaging:21.1.0] AndroidManifest.xml:28:9-35:20
132            android:name="com.google.firebase.iid.FirebaseInstanceIdReceiver"
132-->[com.google.firebase:firebase-messaging:21.1.0] AndroidManifest.xml:29:13-78
133            android:exported="true"
133-->[com.google.firebase:firebase-messaging:21.1.0] AndroidManifest.xml:30:13-36
134            android:permission="com.google.android.c2dm.permission.SEND" >
134-->[com.google.firebase:firebase-messaging:21.1.0] AndroidManifest.xml:31:13-73
135            <intent-filter>
135-->[com.google.firebase:firebase-messaging:21.1.0] AndroidManifest.xml:32:13-34:29
136                <action android:name="com.google.android.c2dm.intent.RECEIVE" />
136-->[com.google.firebase:firebase-messaging:21.1.0] AndroidManifest.xml:33:17-81
136-->[com.google.firebase:firebase-messaging:21.1.0] AndroidManifest.xml:33:25-78
137            </intent-filter>
138        </receiver>
139        <!--
140             FirebaseMessagingService performs security checks at runtime,
141             but set to not exported to explicitly avoid allowing another app to call it.
142        -->
143        <service
143-->[com.google.firebase:firebase-messaging:21.1.0] AndroidManifest.xml:41:9-48:19
144            android:name="com.google.firebase.messaging.FirebaseMessagingService"
144-->[com.google.firebase:firebase-messaging:21.1.0] AndroidManifest.xml:42:13-82
145            android:directBootAware="true"
145-->[com.google.firebase:firebase-messaging:21.1.0] AndroidManifest.xml:43:13-43
146            android:exported="false" >
146-->[com.google.firebase:firebase-messaging:21.1.0] AndroidManifest.xml:44:13-37
147            <intent-filter android:priority="-500" >
147-->src/main/AndroidManifest.xml:68:13-70:29
148                <action android:name="com.google.firebase.MESSAGING_EVENT" />
148-->src/main/AndroidManifest.xml:69:17-78
148-->src/main/AndroidManifest.xml:69:25-75
149            </intent-filter>
150        </service>
151        <service
151-->[com.google.firebase:firebase-messaging:21.1.0] AndroidManifest.xml:49:9-55:19
152            android:name="com.google.firebase.components.ComponentDiscoveryService"
152-->[com.google.firebase:firebase-messaging:21.1.0] AndroidManifest.xml:50:13-84
153            android:directBootAware="true"
153-->[com.google.firebase:firebase-common:19.5.0] AndroidManifest.xml:35:13-43
154            android:exported="false" >
154-->[com.google.firebase:firebase-messaging:21.1.0] AndroidManifest.xml:51:13-37
155            <meta-data
155-->[com.google.firebase:firebase-messaging:21.1.0] AndroidManifest.xml:52:13-54:85
156                android:name="com.google.firebase.components:com.google.firebase.messaging.FirebaseMessagingRegistrar"
156-->[com.google.firebase:firebase-messaging:21.1.0] AndroidManifest.xml:53:17-119
157                android:value="com.google.firebase.components.ComponentRegistrar" />
157-->[com.google.firebase:firebase-messaging:21.1.0] AndroidManifest.xml:54:17-82
158            <meta-data
158-->[:react-native-firebase] AndroidManifest.xml:15:13-17:85
159                android:name="com.google.firebase.components:io.invertase.firebase.ReactNativeFirebaseAppRegistrar"
159-->[:react-native-firebase] AndroidManifest.xml:16:17-116
160                android:value="com.google.firebase.components.ComponentRegistrar" />
160-->[:react-native-firebase] AndroidManifest.xml:17:17-82
161            <meta-data
161-->[com.google.firebase:firebase-datatransport:17.0.10] AndroidManifest.xml:28:13-30:85
162                android:name="com.google.firebase.components:com.google.firebase.datatransport.TransportRegistrar"
162-->[com.google.firebase:firebase-datatransport:17.0.10] AndroidManifest.xml:29:17-115
163                android:value="com.google.firebase.components.ComponentRegistrar" />
163-->[com.google.firebase:firebase-datatransport:17.0.10] AndroidManifest.xml:30:17-82
164            <meta-data
164-->[com.google.android.gms:play-services-measurement-api:17.5.0] AndroidManifest.xml:30:13-32:85
165                android:name="com.google.firebase.components:com.google.firebase.analytics.connector.internal.AnalyticsConnectorRegistrar"
165-->[com.google.android.gms:play-services-measurement-api:17.5.0] AndroidManifest.xml:31:17-139
166                android:value="com.google.firebase.components.ComponentRegistrar" />
166-->[com.google.android.gms:play-services-measurement-api:17.5.0] AndroidManifest.xml:32:17-82
167            <meta-data
167-->[com.google.firebase:firebase-iid:21.1.0] AndroidManifest.xml:32:13-34:85
168                android:name="com.google.firebase.components:com.google.firebase.iid.Registrar"
168-->[com.google.firebase:firebase-iid:21.1.0] AndroidManifest.xml:33:17-96
169                android:value="com.google.firebase.components.ComponentRegistrar" />
169-->[com.google.firebase:firebase-iid:21.1.0] AndroidManifest.xml:34:17-82
170            <meta-data
170-->[com.google.firebase:firebase-installations:16.3.5] AndroidManifest.xml:18:13-20:85
171                android:name="com.google.firebase.components:com.google.firebase.installations.FirebaseInstallationsRegistrar"
171-->[com.google.firebase:firebase-installations:16.3.5] AndroidManifest.xml:19:17-127
172                android:value="com.google.firebase.components.ComponentRegistrar" />
172-->[com.google.firebase:firebase-installations:16.3.5] AndroidManifest.xml:20:17-82
173            <!--
174                This registrar is not defined in the dynamic-module-support sdk itself to allow non-firebase
175                clients to use it as well, by defining this registrar in their own core/common library.
176            -->
177            <meta-data
177-->[com.google.firebase:firebase-common:19.5.0] AndroidManifest.xml:43:13-45:85
178                android:name="com.google.firebase.components:com.google.firebase.dynamicloading.DynamicLoadingRegistrar"
178-->[com.google.firebase:firebase-common:19.5.0] AndroidManifest.xml:44:17-121
179                android:value="com.google.firebase.components.ComponentRegistrar" />
179-->[com.google.firebase:firebase-common:19.5.0] AndroidManifest.xml:45:17-82
180        </service>
181        <service
181-->[com.google.android.datatransport:transport-backend-cct:2.3.3] AndroidManifest.xml:29:9-35:19
182            android:name="com.google.android.datatransport.runtime.backends.TransportBackendDiscovery"
182-->[com.google.android.datatransport:transport-backend-cct:2.3.3] AndroidManifest.xml:30:13-103
183            android:exported="false" >
183-->[com.google.android.datatransport:transport-backend-cct:2.3.3] AndroidManifest.xml:31:13-37
184            <meta-data
184-->[com.google.android.datatransport:transport-backend-cct:2.3.3] AndroidManifest.xml:32:13-34:39
185                android:name="backend:com.google.android.datatransport.cct.CctBackendFactory"
185-->[com.google.android.datatransport:transport-backend-cct:2.3.3] AndroidManifest.xml:33:17-94
186                android:value="cct" />
186-->[com.google.android.datatransport:transport-backend-cct:2.3.3] AndroidManifest.xml:34:17-36
187        </service>
188        <service
188-->[com.google.android.datatransport:transport-runtime:2.2.5] AndroidManifest.xml:26:9-30:19
189            android:name="com.google.android.datatransport.runtime.scheduling.jobscheduling.JobInfoSchedulerService"
189-->[com.google.android.datatransport:transport-runtime:2.2.5] AndroidManifest.xml:27:13-117
190            android:exported="false"
190-->[com.google.android.datatransport:transport-runtime:2.2.5] AndroidManifest.xml:28:13-37
191            android:permission="android.permission.BIND_JOB_SERVICE" >
191-->[com.google.android.datatransport:transport-runtime:2.2.5] AndroidManifest.xml:29:13-69
192        </service>
193
194        <receiver
194-->[com.google.android.datatransport:transport-runtime:2.2.5] AndroidManifest.xml:32:9-34:40
195            android:name="com.google.android.datatransport.runtime.scheduling.jobscheduling.AlarmManagerSchedulerBroadcastReceiver"
195-->[com.google.android.datatransport:transport-runtime:2.2.5] AndroidManifest.xml:33:13-132
196            android:exported="false" />
196-->[com.google.android.datatransport:transport-runtime:2.2.5] AndroidManifest.xml:34:13-37
197        <receiver
197-->[com.google.android.gms:play-services-measurement:17.5.0] AndroidManifest.xml:29:9-33:20
198            android:name="com.google.android.gms.measurement.AppMeasurementReceiver"
198-->[com.google.android.gms:play-services-measurement:17.5.0] AndroidManifest.xml:30:13-85
199            android:enabled="true"
199-->[com.google.android.gms:play-services-measurement:17.5.0] AndroidManifest.xml:31:13-35
200            android:exported="false" >
200-->[com.google.android.gms:play-services-measurement:17.5.0] AndroidManifest.xml:32:13-37
201        </receiver>
202
203        <service
203-->[com.google.android.gms:play-services-measurement:17.5.0] AndroidManifest.xml:35:9-38:40
204            android:name="com.google.android.gms.measurement.AppMeasurementService"
204-->[com.google.android.gms:play-services-measurement:17.5.0] AndroidManifest.xml:36:13-84
205            android:enabled="true"
205-->[com.google.android.gms:play-services-measurement:17.5.0] AndroidManifest.xml:37:13-35
206            android:exported="false" />
206-->[com.google.android.gms:play-services-measurement:17.5.0] AndroidManifest.xml:38:13-37
207        <service
207-->[com.google.android.gms:play-services-measurement:17.5.0] AndroidManifest.xml:39:9-43:72
208            android:name="com.google.android.gms.measurement.AppMeasurementJobService"
208-->[com.google.android.gms:play-services-measurement:17.5.0] AndroidManifest.xml:40:13-87
209            android:enabled="true"
209-->[com.google.android.gms:play-services-measurement:17.5.0] AndroidManifest.xml:41:13-35
210            android:exported="false"
210-->[com.google.android.gms:play-services-measurement:17.5.0] AndroidManifest.xml:42:13-37
211            android:permission="android.permission.BIND_JOB_SERVICE" />
211-->[com.google.android.gms:play-services-measurement:17.5.0] AndroidManifest.xml:43:13-69
212
213        <provider
213-->[com.google.firebase:firebase-common:19.5.0] AndroidManifest.xml:26:9-31:39
214            android:name="com.google.firebase.provider.FirebaseInitProvider"
214-->[com.google.firebase:firebase-common:19.5.0] AndroidManifest.xml:27:13-77
215            android:authorities="com.ics.firebaseinitprovider"
215-->[com.google.firebase:firebase-common:19.5.0] AndroidManifest.xml:28:13-72
216            android:directBootAware="true"
216-->[com.google.firebase:firebase-common:19.5.0] AndroidManifest.xml:29:13-43
217            android:exported="false"
217-->[com.google.firebase:firebase-common:19.5.0] AndroidManifest.xml:30:13-37
218            android:initOrder="100" />
218-->[com.google.firebase:firebase-common:19.5.0] AndroidManifest.xml:31:13-36
219
220        <meta-data
220-->[com.google.android.gms:play-services-basement:17.0.0] AndroidManifest.xml:23:9-25:69
221            android:name="com.google.android.gms.version"
221-->[com.google.android.gms:play-services-basement:17.0.0] AndroidManifest.xml:24:13-58
222            android:value="@integer/google_play_services_version" />
222-->[com.google.android.gms:play-services-basement:17.0.0] AndroidManifest.xml:25:13-66
223    </application>
224
225</manifest>